2011-05-30 17:50:57,766 [DEBUG][main            ][-.-.-.-.-.TransactionalTopicService] - User confirm post removing postId = 333
2011-05-30 17:50:57,791 [INFO ][main            ][-.-.-.-.-.TransactionalUserService] - User username not found.
2011-05-30 17:50:57,793 [INFO ][main            ][-.-.-.-.-.TransactionalUserService] - User registered: username
2011-05-30 17:50:57,796 [WARN ][main            ][-.-.-.-.-.TransactionalUserService] - User username already exist!
2011-05-30 17:50:57,798 [WARN ][main            ][-.-.-.-.-.TransactionalUserService] - User username already exist!
2011-05-30 17:50:57,800 [WARN ][main            ][-.-.-.-.-.TransactionalUserService] - User username already exist!
2011-05-30 18:36:08,643 [DEBUG][main            ][-.-.-.-.-.TransactionalTopicService] - User confirm post removing postId = 333
2011-05-30 18:36:08,672 [INFO ][main            ][-.-.-.-.-.TransactionalUserService] - User username not found.
2011-05-30 18:36:08,675 [INFO ][main            ][-.-.-.-.-.TransactionalUserService] - User registered: username
2011-05-30 18:36:08,678 [WARN ][main            ][-.-.-.-.-.TransactionalUserService] - User username already exist!
2011-05-30 18:36:08,680 [WARN ][main            ][-.-.-.-.-.TransactionalUserService] - User username already exist!
2011-05-30 18:36:08,681 [WARN ][main            ][-.-.-.-.-.TransactionalUserService] - User username already exist!
2011-05-30 19:40:42,172 [DEBUG][main            ][-.-.-.-.-.TransactionalTopicService] - User confirm post removing postId = 333
2011-05-30 19:40:42,196 [INFO ][main            ][-.-.-.-.-.TransactionalUserService] - User username not found.
2011-05-30 19:40:42,198 [INFO ][main            ][-.-.-.-.-.TransactionalUserService] - User registered: username
2011-05-30 19:40:42,202 [WARN ][main            ][-.-.-.-.-.TransactionalUserService] - User username already exist!
2011-05-30 19:40:42,204 [WARN ][main            ][-.-.-.-.-.TransactionalUserService] - User username already exist!
2011-05-30 19:40:42,206 [WARN ][main            ][-.-.-.-.-.TransactionalUserService] - User username already exist!
2011-05-30 20:51:11,419 [DEBUG][main            ][-.-.-.-.-.TransactionalTopicService] - User confirm post removing postId = 333
2011-05-30 20:51:11,443 [INFO ][main            ][-.-.-.-.-.TransactionalUserService] - User username not found.
2011-05-30 20:51:11,445 [INFO ][main            ][-.-.-.-.-.TransactionalUserService] - User registered: username
2011-05-30 20:51:11,448 [WARN ][main            ][-.-.-.-.-.TransactionalUserService] - User username already exist!
2011-05-30 20:51:11,450 [WARN ][main            ][-.-.-.-.-.TransactionalUserService] - User username already exist!
2011-05-30 20:51:11,452 [WARN ][main            ][-.-.-.-.-.TransactionalUserService] - User username already exist!
2011-05-30 20:54:26,146 [DEBUG][main            ][-.-.-.-.-.TransactionalTopicService] - User confirm post removing postId = 333
2011-05-30 20:54:26,170 [INFO ][main            ][-.-.-.-.-.TransactionalUserService] - User username not found.
2011-05-30 20:54:26,172 [INFO ][main            ][-.-.-.-.-.TransactionalUserService] - User registered: username
2011-05-30 20:54:26,176 [WARN ][main            ][-.-.-.-.-.TransactionalUserService] - User username already exist!
2011-05-30 20:54:26,178 [WARN ][main            ][-.-.-.-.-.TransactionalUserService] - User username already exist!
2011-05-30 20:54:26,180 [WARN ][main            ][-.-.-.-.-.TransactionalUserService] - User username already exist!
2011-05-30 20:56:21,029 [DEBUG][main            ][-.-.-.-.-.TransactionalTopicService] - User confirm post removing postId = 333
2011-05-30 20:56:21,060 [INFO ][main            ][-.-.-.-.-.TransactionalUserService] - User username not found.
2011-05-30 20:56:21,063 [INFO ][main            ][-.-.-.-.-.TransactionalUserService] - User registered: username
2011-05-30 20:56:21,067 [WARN ][main            ][-.-.-.-.-.TransactionalUserService] - User username already exist!
2011-05-30 20:56:21,069 [WARN ][main            ][-.-.-.-.-.TransactionalUserService] - User username already exist!
2011-05-30 20:56:21,071 [WARN ][main            ][-.-.-.-.-.TransactionalUserService] - User username already exist!
2011-05-30 20:57:20,077 [DEBUG][main            ][-.-.-.-.-.TransactionalTopicService] - User confirm post removing postId = 333
2011-05-30 20:57:20,101 [INFO ][main            ][-.-.-.-.-.TransactionalUserService] - User username not found.
2011-05-30 20:57:20,103 [INFO ][main            ][-.-.-.-.-.TransactionalUserService] - User registered: username
2011-05-30 20:57:20,107 [WARN ][main            ][-.-.-.-.-.TransactionalUserService] - User username already exist!
2011-05-30 20:57:20,109 [WARN ][main            ][-.-.-.-.-.TransactionalUserService] - User username already exist!
2011-05-30 20:57:20,110 [WARN ][main            ][-.-.-.-.-.TransactionalUserService] - User username already exist!
2011-05-30 20:59:56,592 [DEBUG][main            ][-.-.-.-.-.TransactionalTopicService] - User confirm post removing postId = 333
2011-05-30 20:59:56,616 [INFO ][main            ][-.-.-.-.-.TransactionalUserService] - User username not found.
2011-05-30 20:59:56,618 [INFO ][main            ][-.-.-.-.-.TransactionalUserService] - User registered: username
2011-05-30 20:59:56,621 [WARN ][main            ][-.-.-.-.-.TransactionalUserService] - User username already exist!
2011-05-30 20:59:56,623 [WARN ][main            ][-.-.-.-.-.TransactionalUserService] - User username already exist!
2011-05-30 20:59:56,625 [WARN ][main            ][-.-.-.-.-.TransactionalUserService] - User username already exist!
2011-05-30 21:34:08,834 [DEBUG][main            ][-.-.-.-.-.TransactionalTopicService] - User confirm post removing postId = 333
2011-05-30 21:34:08,858 [INFO ][main            ][-.-.-.-.-.TransactionalUserService] - User username not found.
2011-05-30 21:34:08,860 [INFO ][main            ][-.-.-.-.-.TransactionalUserService] - User registered: username
2011-05-30 21:34:08,864 [WARN ][main            ][-.-.-.-.-.TransactionalUserService] - User username already exist!
2011-05-30 21:34:08,866 [WARN ][main            ][-.-.-.-.-.TransactionalUserService] - User username already exist!
2011-05-30 21:34:08,868 [WARN ][main            ][-.-.-.-.-.TransactionalUserService] - User username already exist!
2011-05-30 21:37:39,127 [DEBUG][main            ][-.-.-.-.-.TransactionalTopicService] - User confirm post removing postId = 333
2011-05-30 21:37:39,151 [INFO ][main            ][-.-.-.-.-.TransactionalUserService] - User username not found.
2011-05-30 21:37:39,153 [INFO ][main            ][-.-.-.-.-.TransactionalUserService] - User registered: username
2011-05-30 21:37:39,155 [WARN ][main            ][-.-.-.-.-.TransactionalUserService] - User username already exist!
2011-05-30 21:37:39,157 [WARN ][main            ][-.-.-.-.-.TransactionalUserService] - User username already exist!
2011-05-30 21:37:39,159 [WARN ][main            ][-.-.-.-.-.TransactionalUserService] - User username already exist!
2011-05-31 18:31:07,476 [DEBUG][main            ][-.-.-.-.-.TransactionalTopicService] - User confirm post removing postId = 333
2011-05-31 18:31:07,514 [INFO ][main            ][-.-.-.-.-.TransactionalUserService] - User username not found.
2011-05-31 18:31:07,516 [INFO ][main            ][-.-.-.-.-.TransactionalUserService] - User registered: username
2011-05-31 18:31:07,520 [WARN ][main            ][-.-.-.-.-.TransactionalUserService] - User username already exist!
2011-05-31 18:31:07,521 [WARN ][main            ][-.-.-.-.-.TransactionalUserService] - User username already exist!
2011-05-31 18:31:07,523 [WARN ][main            ][-.-.-.-.-.TransactionalUserService] - User username already exist!
2011-05-31 18:34:09,142 [DEBUG][main            ][-.-.-.-.-.TransactionalTopicService] - User confirm post removing postId = 333
2011-05-31 18:34:09,165 [INFO ][main            ][-.-.-.-.-.TransactionalUserService] - User username not found.
2011-05-31 18:34:09,166 [INFO ][main            ][-.-.-.-.-.TransactionalUserService] - User registered: username
2011-05-31 18:34:09,170 [WARN ][main            ][-.-.-.-.-.TransactionalUserService] - User username already exist!
2011-05-31 18:34:09,172 [WARN ][main            ][-.-.-.-.-.TransactionalUserService] - User username already exist!
2011-05-31 18:34:09,173 [WARN ][main            ][-.-.-.-.-.TransactionalUserService] - User username already exist!
2011-05-31 18:49:49,981 [DEBUG][main            ][-.-.-.-.-.TransactionalTopicService] - User confirm post removing postId = 333
2011-05-31 18:49:50,009 [INFO ][main            ][-.-.-.-.-.TransactionalUserService] - User username not found.
2011-05-31 18:49:50,013 [INFO ][main            ][-.-.-.-.-.TransactionalUserService] - User registered: username
2011-05-31 18:49:50,019 [WARN ][main            ][-.-.-.-.-.TransactionalUserService] - User username already exist!
2011-05-31 18:49:50,021 [WARN ][main            ][-.-.-.-.-.TransactionalUserService] - User username already exist!
2011-05-31 18:49:50,023 [WARN ][main            ][-.-.-.-.-.TransactionalUserService] - User username already exist!
2011-05-31 19:54:32,648 [DEBUG][main            ][-.-.-.-.-.TransactionalTopicService] - User confirm post removing postId = 333
2011-05-31 19:54:32,691 [INFO ][main            ][-.-.-.-.-.TransactionalUserService] - User username not found.
2011-05-31 19:54:32,694 [INFO ][main            ][-.-.-.-.-.TransactionalUserService] - User registered: username
2011-05-31 19:54:32,698 [WARN ][main            ][-.-.-.-.-.TransactionalUserService] - User username already exist!
2011-05-31 19:54:32,700 [WARN ][main            ][-.-.-.-.-.TransactionalUserService] - User username already exist!
2011-05-31 19:54:32,701 [WARN ][main            ][-.-.-.-.-.TransactionalUserService] - User username already exist!
2011-05-31 20:02:41,729 [DEBUG][main            ][-.-.-.-.-.TransactionalTopicService] - User confirm post removing postId = 333
2011-05-31 20:02:41,760 [INFO ][main            ][-.-.-.-.-.TransactionalUserService] - User username not found.
2011-05-31 20:02:41,762 [INFO ][main            ][-.-.-.-.-.TransactionalUserService] - User registered: username
2011-05-31 20:02:41,766 [WARN ][main            ][-.-.-.-.-.TransactionalUserService] - User username already exist!
2011-05-31 20:02:41,768 [WARN ][main            ][-.-.-.-.-.TransactionalUserService] - User username already exist!
2011-05-31 20:02:41,770 [WARN ][main            ][-.-.-.-.-.TransactionalUserService] - User username already exist!
2011-05-31 20:04:46,042 [DEBUG][main            ][-.-.-.-.-.TransactionalTopicService] - User confirm post removing postId = 333
2011-05-31 20:04:46,064 [INFO ][main            ][-.-.-.-.-.TransactionalUserService] - User username not found.
2011-05-31 20:04:46,066 [INFO ][main            ][-.-.-.-.-.TransactionalUserService] - User registered: username
2011-05-31 20:04:46,069 [WARN ][main            ][-.-.-.-.-.TransactionalUserService] - User username already exist!
2011-05-31 20:04:46,071 [WARN ][main            ][-.-.-.-.-.TransactionalUserService] - User username already exist!
2011-05-31 20:04:46,073 [WARN ][main            ][-.-.-.-.-.TransactionalUserService] - User username already exist!
2011-05-31 20:06:22,243 [DEBUG][main            ][-.-.-.-.-.TransactionalTopicService] - User confirm post removing postId = 333
2011-05-31 20:06:22,268 [INFO ][main            ][-.-.-.-.-.TransactionalUserService] - User username not found.
2011-05-31 20:06:22,270 [INFO ][main            ][-.-.-.-.-.TransactionalUserService] - User registered: username
2011-05-31 20:06:22,275 [WARN ][main            ][-.-.-.-.-.TransactionalUserService] - User username already exist!
2011-05-31 20:06:22,278 [WARN ][main            ][-.-.-.-.-.TransactionalUserService] - User username already exist!
2011-05-31 20:06:22,280 [WARN ][main            ][-.-.-.-.-.TransactionalUserService] - User username already exist!
2011-05-31 20:08:09,416 [DEBUG][main            ][-.-.-.-.-.TransactionalTopicService] - User confirm post removing postId = 333
2011-05-31 20:08:09,440 [INFO ][main            ][-.-.-.-.-.TransactionalUserService] - User username not found.
2011-05-31 20:08:09,442 [INFO ][main            ][-.-.-.-.-.TransactionalUserService] - User registered: username
2011-05-31 20:08:09,446 [WARN ][main            ][-.-.-.-.-.TransactionalUserService] - User username already exist!
2011-05-31 20:08:09,447 [WARN ][main            ][-.-.-.-.-.TransactionalUserService] - User username already exist!
2011-05-31 20:08:09,449 [WARN ][main            ][-.-.-.-.-.TransactionalUserService] - User username already exist!
2011-05-31 20:09:35,343 [DEBUG][main            ][-.-.-.-.-.TransactionalTopicService] - User confirm post removing postId = 333
2011-05-31 20:09:35,369 [INFO ][main            ][-.-.-.-.-.TransactionalUserService] - User username not found.
2011-05-31 20:09:35,371 [INFO ][main            ][-.-.-.-.-.TransactionalUserService] - User registered: username
2011-05-31 20:09:35,375 [WARN ][main            ][-.-.-.-.-.TransactionalUserService] - User username already exist!
2011-05-31 20:09:35,376 [WARN ][main            ][-.-.-.-.-.TransactionalUserService] - User username already exist!
2011-05-31 20:09:35,378 [WARN ][main            ][-.-.-.-.-.TransactionalUserService] - User username already exist!
2011-05-31 20:10:52,973 [DEBUG][main            ][-.-.-.-.-.TransactionalTopicService] - User confirm post removing postId = 333
2011-05-31 20:10:52,997 [INFO ][main            ][-.-.-.-.-.TransactionalUserService] - User username not found.
2011-05-31 20:10:52,999 [INFO ][main            ][-.-.-.-.-.TransactionalUserService] - User registered: username
2011-05-31 20:10:53,003 [WARN ][main            ][-.-.-.-.-.TransactionalUserService] - User username already exist!
2011-05-31 20:10:53,006 [WARN ][main            ][-.-.-.-.-.TransactionalUserService] - User username already exist!
2011-05-31 20:10:53,008 [WARN ][main            ][-.-.-.-.-.TransactionalUserService] - User username already exist!
2011-05-31 20:12:11,159 [DEBUG][main            ][-.-.-.-.-.TransactionalTopicService] - User confirm post removing postId = 333
2011-05-31 20:12:11,181 [INFO ][main            ][-.-.-.-.-.TransactionalUserService] - User username not found.
2011-05-31 20:12:11,183 [INFO ][main            ][-.-.-.-.-.TransactionalUserService] - User registered: username
2011-05-31 20:12:11,187 [WARN ][main            ][-.-.-.-.-.TransactionalUserService] - User username already exist!
2011-05-31 20:12:11,189 [WARN ][main            ][-.-.-.-.-.TransactionalUserService] - User username already exist!
2011-05-31 20:12:11,190 [WARN ][main            ][-.-.-.-.-.TransactionalUserService] - User username already exist!
2011-05-31 20:17:30,418 [DEBUG][main            ][-.-.-.-.-.TransactionalTopicService] - User confirm post removing postId = 333
2011-05-31 20:17:30,445 [INFO ][main            ][-.-.-.-.-.TransactionalUserService] - User username not found.
2011-05-31 20:17:30,447 [INFO ][main            ][-.-.-.-.-.TransactionalUserService] - User registered: username
2011-05-31 20:17:30,451 [WARN ][main            ][-.-.-.-.-.TransactionalUserService] - User username already exist!
2011-05-31 20:17:30,453 [WARN ][main            ][-.-.-.-.-.TransactionalUserService] - User username already exist!
2011-05-31 20:17:30,455 [WARN ][main            ][-.-.-.-.-.TransactionalUserService] - User username already exist!
2011-05-31 20:22:44,536 [DEBUG][main            ][-.-.-.-.-.TransactionalTopicService] - User confirm post removing postId = 333
2011-05-31 20:22:44,561 [INFO ][main            ][-.-.-.-.-.TransactionalUserService] - User username not found.
2011-05-31 20:22:44,563 [INFO ][main            ][-.-.-.-.-.TransactionalUserService] - User registered: username
2011-05-31 20:22:44,567 [WARN ][main            ][-.-.-.-.-.TransactionalUserService] - User username already exist!
2011-05-31 20:22:44,568 [WARN ][main            ][-.-.-.-.-.TransactionalUserService] - User username already exist!
2011-05-31 20:22:44,570 [WARN ][main            ][-.-.-.-.-.TransactionalUserService] - User username already exist!
2011-05-31 20:28:18,047 [DEBUG][main            ][-.-.-.-.-.TransactionalTopicService] - User confirm post removing postId = 333
2011-05-31 20:28:18,072 [INFO ][main            ][-.-.-.-.-.TransactionalUserService] - User username not found.
2011-05-31 20:28:18,074 [INFO ][main            ][-.-.-.-.-.TransactionalUserService] - User registered: username
2011-05-31 20:28:18,077 [WARN ][main            ][-.-.-.-.-.TransactionalUserService] - User username already exist!
2011-05-31 20:28:18,079 [WARN ][main            ][-.-.-.-.-.TransactionalUserService] - User username already exist!
2011-05-31 20:28:18,081 [WARN ][main            ][-.-.-.-.-.TransactionalUserService] - User username already exist!
2011-05-31 20:47:55,789 [DEBUG][main            ][-.-.-.-.-.TransactionalTopicService] - User confirm post removing postId = 333
2011-05-31 20:47:55,828 [INFO ][main            ][-.-.-.-.-.TransactionalUserService] - User username not found.
2011-05-31 20:47:55,830 [INFO ][main            ][-.-.-.-.-.TransactionalUserService] - User registered: username
2011-05-31 20:47:55,834 [WARN ][main            ][-.-.-.-.-.TransactionalUserService] - User username already exist!
2011-05-31 20:47:55,836 [WARN ][main            ][-.-.-.-.-.TransactionalUserService] - User username already exist!
2011-05-31 20:47:55,838 [WARN ][main            ][-.-.-.-.-.TransactionalUserService] - User username already exist!
2011-05-31 20:53:11,305 [DEBUG][main            ][-.-.-.-.-.TransactionalTopicService] - User confirm post removing postId = 333
2011-05-31 20:53:11,329 [INFO ][main            ][-.-.-.-.-.TransactionalUserService] - User username not found.
2011-05-31 20:53:11,331 [INFO ][main            ][-.-.-.-.-.TransactionalUserService] - User registered: username
2011-05-31 20:53:11,335 [WARN ][main            ][-.-.-.-.-.TransactionalUserService] - User username already exist!
2011-05-31 20:53:11,336 [WARN ][main            ][-.-.-.-.-.TransactionalUserService] - User username already exist!
2011-05-31 20:53:11,338 [WARN ][main            ][-.-.-.-.-.TransactionalUserService] - User username already exist!
2011-05-31 20:55:58,978 [DEBUG][main            ][-.-.-.-.-.TransactionalTopicService] - User confirm post removing postId = 333
2011-05-31 20:55:59,001 [INFO ][main            ][-.-.-.-.-.TransactionalUserService] - User username not found.
2011-05-31 20:55:59,003 [INFO ][main            ][-.-.-.-.-.TransactionalUserService] - User registered: username
2011-05-31 20:55:59,007 [WARN ][main            ][-.-.-.-.-.TransactionalUserService] - User username already exist!
2011-05-31 20:55:59,009 [WARN ][main            ][-.-.-.-.-.TransactionalUserService] - User username already exist!
2011-05-31 20:55:59,011 [WARN ][main            ][-.-.-.-.-.TransactionalUserService] - User username already exist!
2011-05-31 21:00:39,518 [DEBUG][main            ][-.-.-.-.-.TransactionalTopicService] - User confirm post removing postId = 333
2011-05-31 21:00:39,542 [INFO ][main            ][-.-.-.-.-.TransactionalUserService] - User username not found.
2011-05-31 21:00:39,543 [INFO ][main            ][-.-.-.-.-.TransactionalUserService] - User registered: username
2011-05-31 21:00:39,547 [WARN ][main            ][-.-.-.-.-.TransactionalUserService] - User username already exist!
2011-05-31 21:00:39,549 [WARN ][main            ][-.-.-.-.-.TransactionalUserService] - User username already exist!
2011-05-31 21:00:39,550 [WARN ][main            ][-.-.-.-.-.TransactionalUserService] - User username already exist!
2011-05-31 21:04:05,226 [DEBUG][main            ][-.-.-.-.-.TransactionalTopicService] - User confirm post removing postId = 333
2011-05-31 21:04:05,249 [INFO ][main            ][-.-.-.-.-.TransactionalUserService] - User username not found.
2011-05-31 21:04:05,251 [INFO ][main            ][-.-.-.-.-.TransactionalUserService] - User registered: username
2011-05-31 21:04:05,254 [WARN ][main            ][-.-.-.-.-.TransactionalUserService] - User username already exist!
2011-05-31 21:04:05,256 [WARN ][main            ][-.-.-.-.-.TransactionalUserService] - User username already exist!
2011-05-31 21:04:05,258 [WARN ][main            ][-.-.-.-.-.TransactionalUserService] - User username already exist!
2011-05-31 21:08:09,889 [DEBUG][main            ][-.-.-.-.-.TransactionalTopicService] - User confirm post removing postId = 333
2011-05-31 21:08:09,912 [INFO ][main            ][-.-.-.-.-.TransactionalUserService] - User username not found.
2011-05-31 21:08:09,915 [INFO ][main            ][-.-.-.-.-.TransactionalUserService] - User registered: username
2011-05-31 21:08:09,918 [WARN ][main            ][-.-.-.-.-.TransactionalUserService] - User username already exist!
2011-05-31 21:08:09,920 [WARN ][main            ][-.-.-.-.-.TransactionalUserService] - User username already exist!
2011-05-31 21:08:09,922 [WARN ][main            ][-.-.-.-.-.TransactionalUserService] - User username already exist!
2011-05-31 21:10:11,433 [DEBUG][main            ][-.-.-.-.-.TransactionalTopicService] - User confirm post removing postId = 333
2011-05-31 21:10:11,456 [INFO ][main            ][-.-.-.-.-.TransactionalUserService] - User username not found.
2011-05-31 21:10:11,458 [INFO ][main            ][-.-.-.-.-.TransactionalUserService] - User registered: username
2011-05-31 21:10:11,462 [WARN ][main            ][-.-.-.-.-.TransactionalUserService] - User username already exist!
2011-05-31 21:10:11,464 [WARN ][main            ][-.-.-.-.-.TransactionalUserService] - User username already exist!
2011-05-31 21:10:11,466 [WARN ][main            ][-.-.-.-.-.TransactionalUserService] - User username already exist!
2011-06-01 20:29:28,043 [DEBUG][main            ][-.-.-.-.-.TransactionalTopicService] - User confirm post removing postId = 333
2011-06-01 20:29:28,127 [INFO ][main            ][-.-.-.-.-.TransactionalUserService] - User username not found.
2011-06-01 20:29:28,129 [INFO ][main            ][-.-.-.-.-.TransactionalUserService] - User registered: username
2011-06-01 20:29:28,133 [WARN ][main            ][-.-.-.-.-.TransactionalUserService] - User username already exist!
2011-06-01 20:29:28,135 [WARN ][main            ][-.-.-.-.-.TransactionalUserService] - User username already exist!
2011-06-01 20:29:28,137 [WARN ][main            ][-.-.-.-.-.TransactionalUserService] - User username already exist!
2011-06-01 20:30:27,984 [DEBUG][main            ][-.-.-.-.-.TransactionalTopicService] - User confirm post removing postId = 333
2011-06-01 20:30:28,035 [INFO ][main            ][-.-.-.-.-.TransactionalUserService] - User username not found.
2011-06-01 20:30:28,038 [INFO ][main            ][-.-.-.-.-.TransactionalUserService] - User registered: username
2011-06-01 20:30:28,047 [WARN ][main            ][-.-.-.-.-.TransactionalUserService] - User username already exist!
2011-06-01 20:30:28,049 [WARN ][main            ][-.-.-.-.-.TransactionalUserService] - User username already exist!
2011-06-01 20:30:28,052 [WARN ][main            ][-.-.-.-.-.TransactionalUserService] - User username already exist!
2011-06-04 12:45:25,978 [DEBUG][main            ][-.-.-.-.-.TransactionalTopicService] - User confirm post removing postId = 333
2011-06-04 12:45:26,023 [INFO ][main            ][-.-.-.-.-.TransactionalUserService] - User username not found.
2011-06-04 12:45:26,025 [INFO ][main            ][-.-.-.-.-.TransactionalUserService] - User registered: username
2011-06-04 12:45:26,029 [WARN ][main            ][-.-.-.-.-.TransactionalUserService] - User username already exist!
2011-06-04 12:45:26,031 [WARN ][main            ][-.-.-.-.-.TransactionalUserService] - User username already exist!
2011-06-04 12:45:26,032 [WARN ][main            ][-.-.-.-.-.TransactionalUserService] - User username already exist!
2011-06-04 15:21:14,398 [DEBUG][main            ][-.-.-.-.-.TransactionalTopicService] - User confirm post removing postId = 333
2011-06-04 15:21:14,422 [INFO ][main            ][-.-.-.-.-.TransactionalUserService] - User username not found.
2011-06-04 15:21:14,424 [INFO ][main            ][-.-.-.-.-.TransactionalUserService] - User registered: username
2011-06-04 15:21:14,429 [WARN ][main            ][-.-.-.-.-.TransactionalUserService] - User username already exist!
2011-06-04 15:21:14,430 [WARN ][main            ][-.-.-.-.-.TransactionalUserService] - User username already exist!
2011-06-04 15:21:14,432 [WARN ][main            ][-.-.-.-.-.TransactionalUserService] - User username already exist!
2011-06-04 15:48:45,389 [DEBUG][main            ][-.-.-.-.-.TransactionalTopicService] - User confirm post removing postId = 333
2011-06-04 15:48:45,412 [INFO ][main            ][-.-.-.-.-.TransactionalUserService] - User username not found.
2011-06-04 15:48:45,414 [INFO ][main            ][-.-.-.-.-.TransactionalUserService] - User registered: username
2011-06-04 15:48:45,418 [WARN ][main            ][-.-.-.-.-.TransactionalUserService] - User username already exist!
2011-06-04 15:48:45,419 [WARN ][main            ][-.-.-.-.-.TransactionalUserService] - User username already exist!
2011-06-04 15:48:45,421 [WARN ][main            ][-.-.-.-.-.TransactionalUserService] - User username already exist!
2011-06-04 15:52:25,307 [DEBUG][main            ][-.-.-.-.-.TransactionalTopicService] - User confirm post removing postId = 333
2011-06-04 15:52:25,331 [INFO ][main            ][-.-.-.-.-.TransactionalUserService] - User username not found.
2011-06-04 15:52:25,333 [INFO ][main            ][-.-.-.-.-.TransactionalUserService] - User registered: username
2011-06-04 15:52:25,337 [WARN ][main            ][-.-.-.-.-.TransactionalUserService] - User username already exist!
2011-06-04 15:52:25,339 [WARN ][main            ][-.-.-.-.-.TransactionalUserService] - User username already exist!
2011-06-04 15:52:25,340 [WARN ][main            ][-.-.-.-.-.TransactionalUserService] - User username already exist!
2011-06-05 12:47:50,708 [DEBUG][main            ][-.-.-.-.-.TransactionalTopicService] - User confirm post removing postId = 333
2011-06-05 12:47:50,795 [INFO ][main            ][-.-.-.-.-.TransactionalUserService] - User username not found.
2011-06-05 12:47:50,797 [INFO ][main            ][-.-.-.-.-.TransactionalUserService] - User registered: username
2011-06-05 12:47:50,804 [WARN ][main            ][-.-.-.-.-.TransactionalUserService] - User username already exist!
2011-06-05 12:47:50,812 [WARN ][main            ][-.-.-.-.-.TransactionalUserService] - User username already exist!
2011-06-05 12:47:50,814 [WARN ][main            ][-.-.-.-.-.TransactionalUserService] - User username already exist!
2011-06-05 13:09:51,112 [DEBUG][main            ][-.-.-.-.-.TransactionalTopicService] - User confirm post removing postId = 333
2011-06-05 13:09:51,136 [INFO ][main            ][-.-.-.-.-.TransactionalUserService] - User username not found.
2011-06-05 13:09:51,138 [INFO ][main            ][-.-.-.-.-.TransactionalUserService] - User registered: username
2011-06-05 13:09:51,142 [WARN ][main            ][-.-.-.-.-.TransactionalUserService] - User username already exist!
2011-06-05 13:09:51,143 [WARN ][main            ][-.-.-.-.-.TransactionalUserService] - User username already exist!
2011-06-05 13:09:51,145 [WARN ][main            ][-.-.-.-.-.TransactionalUserService] - User username already exist!
2011-06-05 13:17:57,351 [DEBUG][main            ][-.-.-.-.-.TransactionalTopicService] - User confirm post removing postId = 333
2011-06-05 13:17:57,375 [INFO ][main            ][-.-.-.-.-.TransactionalUserService] - User username not found.
2011-06-05 13:17:57,377 [INFO ][main            ][-.-.-.-.-.TransactionalUserService] - User registered: username
2011-06-05 13:17:57,381 [WARN ][main            ][-.-.-.-.-.TransactionalUserService] - User username already exist!
2011-06-05 13:17:57,383 [WARN ][main            ][-.-.-.-.-.TransactionalUserService] - User username already exist!
2011-06-05 13:17:57,385 [WARN ][main            ][-.-.-.-.-.TransactionalUserService] - User username already exist!
2011-06-05 13:34:44,409 [DEBUG][main            ][-.-.-.-.-.TransactionalTopicService] - User confirm post removing postId = 333
2011-06-05 13:34:44,431 [INFO ][main            ][-.-.-.-.-.TransactionalUserService] - User username not found.
2011-06-05 13:34:44,434 [INFO ][main            ][-.-.-.-.-.TransactionalUserService] - User registered: username
2011-06-05 13:34:44,437 [WARN ][main            ][-.-.-.-.-.TransactionalUserService] - User username already exist!
2011-06-05 13:34:44,439 [WARN ][main            ][-.-.-.-.-.TransactionalUserService] - User username already exist!
2011-06-05 13:34:44,440 [WARN ][main            ][-.-.-.-.-.TransactionalUserService] - User username already exist!
2011-06-05 13:41:59,641 [DEBUG][main            ][-.-.-.-.-.TransactionalTopicService] - User confirm post removing postId = 333
2011-06-05 13:41:59,671 [INFO ][main            ][-.-.-.-.-.TransactionalUserService] - User username not found.
2011-06-05 13:41:59,673 [INFO ][main            ][-.-.-.-.-.TransactionalUserService] - User registered: username
2011-06-05 13:41:59,677 [WARN ][main            ][-.-.-.-.-.TransactionalUserService] - User username already exist!
2011-06-05 13:41:59,679 [WARN ][main            ][-.-.-.-.-.TransactionalUserService] - User username already exist!
2011-06-05 13:41:59,680 [WARN ][main            ][-.-.-.-.-.TransactionalUserService] - User username already exist!
2011-06-05 13:43:21,834 [DEBUG][main            ][-.-.-.-.-.TransactionalTopicService] - User confirm post removing postId = 333
2011-06-05 13:43:21,859 [INFO ][main            ][-.-.-.-.-.TransactionalUserService] - User username not found.
2011-06-05 13:43:21,861 [INFO ][main            ][-.-.-.-.-.TransactionalUserService] - User registered: username
2011-06-05 13:43:21,864 [WARN ][main            ][-.-.-.-.-.TransactionalUserService] - User username already exist!
2011-06-05 13:43:21,866 [WARN ][main            ][-.-.-.-.-.TransactionalUserService] - User username already exist!
2011-06-05 13:43:21,868 [WARN ][main            ][-.-.-.-.-.TransactionalUserService] - User username already exist!
2011-06-05 14:20:14,790 [DEBUG][main            ][-.-.-.-.-.TransactionalTopicService] - User confirm post removing postId = 333
2011-06-05 14:20:14,814 [INFO ][main            ][-.-.-.-.-.TransactionalUserService] - User username not found.
2011-06-05 14:20:14,815 [INFO ][main            ][-.-.-.-.-.TransactionalUserService] - User registered: username
2011-06-05 14:20:14,819 [WARN ][main            ][-.-.-.-.-.TransactionalUserService] - User username already exist!
2011-06-05 14:20:14,821 [WARN ][main            ][-.-.-.-.-.TransactionalUserService] - User username already exist!
2011-06-05 14:20:14,823 [WARN ][main            ][-.-.-.-.-.TransactionalUserService] - User username already exist!
2011-06-05 14:21:55,925 [DEBUG][main            ][-.-.-.-.-.TransactionalTopicService] - User confirm post removing postId = 333
2011-06-05 14:21:55,948 [INFO ][main            ][-.-.-.-.-.TransactionalUserService] - User username not found.
2011-06-05 14:21:55,949 [INFO ][main            ][-.-.-.-.-.TransactionalUserService] - User registered: username
2011-06-05 14:21:55,953 [WARN ][main            ][-.-.-.-.-.TransactionalUserService] - User username already exist!
2011-06-05 14:21:55,955 [WARN ][main            ][-.-.-.-.-.TransactionalUserService] - User username already exist!
2011-06-05 14:21:55,957 [WARN ][main            ][-.-.-.-.-.TransactionalUserService] - User username already exist!
2011-06-05 14:27:58,553 [DEBUG][main            ][-.-.-.-.-.TransactionalTopicService] - User confirm post removing postId = 333
2011-06-05 14:27:58,575 [INFO ][main            ][-.-.-.-.-.TransactionalUserService] - User username not found.
2011-06-05 14:27:58,578 [INFO ][main            ][-.-.-.-.-.TransactionalUserService] - User registered: username
2011-06-05 14:27:58,582 [WARN ][main            ][-.-.-.-.-.TransactionalUserService] - User username already exist!
2011-06-05 14:27:58,584 [WARN ][main            ][-.-.-.-.-.TransactionalUserService] - User username already exist!
2011-06-05 14:27:58,586 [WARN ][main            ][-.-.-.-.-.TransactionalUserService] - User username already exist!
2011-06-05 14:32:14,552 [DEBUG][main            ][-.-.-.-.-.TransactionalTopicService] - User confirm post removing postId = 333
2011-06-05 14:32:14,575 [INFO ][main            ][-.-.-.-.-.TransactionalUserService] - User username not found.
2011-06-05 14:32:14,577 [INFO ][main            ][-.-.-.-.-.TransactionalUserService] - User registered: username
2011-06-05 14:32:14,580 [WARN ][main            ][-.-.-.-.-.TransactionalUserService] - User username already exist!
2011-06-05 14:32:14,582 [WARN ][main            ][-.-.-.-.-.TransactionalUserService] - User username already exist!
2011-06-05 14:32:14,583 [WARN ][main            ][-.-.-.-.-.TransactionalUserService] - User username already exist!
2011-06-05 14:38:00,069 [DEBUG][main            ][-.-.-.-.-.TransactionalTopicService] - User confirm post removing postId = 333
2011-06-05 14:38:00,092 [INFO ][main            ][-.-.-.-.-.TransactionalUserService] - User username not found.
2011-06-05 14:38:00,094 [INFO ][main            ][-.-.-.-.-.TransactionalUserService] - User registered: username
2011-06-05 14:38:00,097 [WARN ][main            ][-.-.-.-.-.TransactionalUserService] - User username already exist!
2011-06-05 14:38:00,099 [WARN ][main            ][-.-.-.-.-.TransactionalUserService] - User username already exist!
2011-06-05 14:38:00,101 [WARN ][main            ][-.-.-.-.-.TransactionalUserService] - User username already exist!
2011-06-05 14:41:43,360 [DEBUG][main            ][-.-.-.-.-.TransactionalTopicService] - User confirm post removing postId = 333
2011-06-05 14:41:43,386 [INFO ][main            ][-.-.-.-.-.TransactionalUserService] - User username not found.
2011-06-05 14:41:43,389 [INFO ][main            ][-.-.-.-.-.TransactionalUserService] - User registered: username
2011-06-05 14:41:43,393 [WARN ][main            ][-.-.-.-.-.TransactionalUserService] - User username already exist!
2011-06-05 14:41:43,395 [WARN ][main            ][-.-.-.-.-.TransactionalUserService] - User username already exist!
2011-06-05 14:41:43,396 [WARN ][main            ][-.-.-.-.-.TransactionalUserService] - User username already exist!
2011-06-05 16:15:09,993 [DEBUG][main            ][-.-.-.-.-.TransactionalTopicService] - User confirm post removing postId = 333
2011-06-05 16:15:10,017 [INFO ][main            ][-.-.-.-.-.TransactionalUserService] - User username not found.
2011-06-05 16:15:10,020 [INFO ][main            ][-.-.-.-.-.TransactionalUserService] - User registered: username
2011-06-05 16:15:10,023 [WARN ][main            ][-.-.-.-.-.TransactionalUserService] - User username already exist!
2011-06-05 16:15:10,025 [WARN ][main            ][-.-.-.-.-.TransactionalUserService] - User username already exist!
2011-06-05 16:15:10,027 [WARN ][main            ][-.-.-.-.-.TransactionalUserService] - User username already exist!
2011-06-05 16:26:46,544 [DEBUG][main            ][-.-.-.-.-.TransactionalTopicService] - User confirm post removing postId = 333
2011-06-05 16:26:46,568 [INFO ][main            ][-.-.-.-.-.TransactionalUserService] - User username not found.
2011-06-05 16:26:46,570 [INFO ][main            ][-.-.-.-.-.TransactionalUserService] - User registered: username
2011-06-05 16:26:46,574 [WARN ][main            ][-.-.-.-.-.TransactionalUserService] - User username already exist!
2011-06-05 16:26:46,575 [WARN ][main            ][-.-.-.-.-.TransactionalUserService] - User username already exist!
2011-06-05 16:26:46,577 [WARN ][main            ][-.-.-.-.-.TransactionalUserService] - User username already exist!
2011-06-05 16:43:00,883 [DEBUG][main            ][-.-.-.-.-.TransactionalTopicService] - User confirm post removing postId = 333
2011-06-05 16:43:00,930 [INFO ][main            ][-.-.-.-.-.TransactionalUserService] - User username not found.
2011-06-05 16:43:00,932 [INFO ][main            ][-.-.-.-.-.TransactionalUserService] - User registered: username
2011-06-05 16:43:00,936 [WARN ][main            ][-.-.-.-.-.TransactionalUserService] - User username already exist!
2011-06-05 16:43:00,937 [WARN ][main            ][-.-.-.-.-.TransactionalUserService] - User username already exist!
2011-06-05 16:43:00,939 [WARN ][main            ][-.-.-.-.-.TransactionalUserService] - User username already exist!
2011-06-05 16:58:54,285 [DEBUG][main            ][-.-.-.-.-.TransactionalTopicService] - User confirm post removing postId = 333
2011-06-05 16:58:54,308 [INFO ][main            ][-.-.-.-.-.TransactionalUserService] - User username not found.
2011-06-05 16:58:54,310 [INFO ][main            ][-.-.-.-.-.TransactionalUserService] - User registered: username
2011-06-05 16:58:54,314 [WARN ][main            ][-.-.-.-.-.TransactionalUserService] - User username already exist!
2011-06-05 16:58:54,315 [WARN ][main            ][-.-.-.-.-.TransactionalUserService] - User username already exist!
2011-06-05 16:58:54,317 [WARN ][main            ][-.-.-.-.-.TransactionalUserService] - User username already exist!
2011-06-05 17:19:42,418 [DEBUG][main            ][-.-.-.-.-.TransactionalTopicService] - User confirm post removing postId = 333
2011-06-05 17:19:42,442 [INFO ][main            ][-.-.-.-.-.TransactionalUserService] - User username not found.
2011-06-05 17:19:42,444 [INFO ][main            ][-.-.-.-.-.TransactionalUserService] - User registered: username
2011-06-05 17:19:42,448 [WARN ][main            ][-.-.-.-.-.TransactionalUserService] - User username already exist!
2011-06-05 17:19:42,450 [WARN ][main            ][-.-.-.-.-.TransactionalUserService] - User username already exist!
2011-06-05 17:19:42,451 [WARN ][main            ][-.-.-.-.-.TransactionalUserService] - User username already exist!
2011-06-05 17:22:49,318 [DEBUG][main            ][-.-.-.-.-.TransactionalTopicService] - User confirm post removing postId = 333
2011-06-05 17:22:49,342 [INFO ][main            ][-.-.-.-.-.TransactionalUserService] - User username not found.
2011-06-05 17:22:49,344 [INFO ][main            ][-.-.-.-.-.TransactionalUserService] - User registered: username
2011-06-05 17:22:49,348 [WARN ][main            ][-.-.-.-.-.TransactionalUserService] - User username already exist!
2011-06-05 17:22:49,351 [WARN ][main            ][-.-.-.-.-.TransactionalUserService] - User username already exist!
2011-06-05 17:22:49,353 [WARN ][main            ][-.-.-.-.-.TransactionalUserService] - User username already exist!
2011-06-05 17:28:15,273 [DEBUG][main            ][-.-.-.-.-.TransactionalTopicService] - User confirm post removing postId = 333
2011-06-05 17:28:15,313 [INFO ][main            ][-.-.-.-.-.TransactionalUserService] - User username not found.
2011-06-05 17:28:15,321 [INFO ][main            ][-.-.-.-.-.TransactionalUserService] - User registered: username
2011-06-05 17:28:15,327 [WARN ][main            ][-.-.-.-.-.TransactionalUserService] - User username already exist!
2011-06-05 17:28:15,329 [WARN ][main            ][-.-.-.-.-.TransactionalUserService] - User username already exist!
2011-06-05 17:28:15,331 [WARN ][main            ][-.-.-.-.-.TransactionalUserService] - User username already exist!
2011-06-05 17:32:58,748 [DEBUG][main            ][-.-.-.-.-.TransactionalTopicService] - User confirm post removing postId = 333
2011-06-05 17:32:58,771 [INFO ][main            ][-.-.-.-.-.TransactionalUserService] - User username not found.
2011-06-05 17:32:58,772 [INFO ][main            ][-.-.-.-.-.TransactionalUserService] - User registered: username
2011-06-05 17:32:58,776 [WARN ][main            ][-.-.-.-.-.TransactionalUserService] - User username already exist!
2011-06-05 17:32:58,778 [WARN ][main            ][-.-.-.-.-.TransactionalUserService] - User username already exist!
2011-06-05 17:32:58,780 [WARN ][main            ][-.-.-.-.-.TransactionalUserService] - User username already exist!
2011-06-05 17:34:25,712 [DEBUG][main            ][-.-.-.-.-.TransactionalTopicService] - User confirm post removing postId = 333
2011-06-05 17:34:25,736 [INFO ][main            ][-.-.-.-.-.TransactionalUserService] - User username not found.
2011-06-05 17:34:25,739 [INFO ][main            ][-.-.-.-.-.TransactionalUserService] - User registered: username
2011-06-05 17:34:25,742 [WARN ][main            ][-.-.-.-.-.TransactionalUserService] - User username already exist!
2011-06-05 17:34:25,744 [WARN ][main            ][-.-.-.-.-.TransactionalUserService] - User username already exist!
2011-06-05 17:34:25,746 [WARN ][main            ][-.-.-.-.-.TransactionalUserService] - User username already exist!
2011-06-05 17:39:15,277 [DEBUG][main            ][-.-.-.-.-.TransactionalTopicService] - User confirm post removing postId = 333
2011-06-05 17:39:15,299 [INFO ][main            ][-.-.-.-.-.TransactionalUserService] - User username not found.
2011-06-05 17:39:15,301 [INFO ][main            ][-.-.-.-.-.TransactionalUserService] - User registered: username
2011-06-05 17:39:15,305 [WARN ][main            ][-.-.-.-.-.TransactionalUserService] - User username already exist!
2011-06-05 17:39:15,307 [WARN ][main            ][-.-.-.-.-.TransactionalUserService] - User username already exist!
2011-06-05 17:39:15,308 [WARN ][main            ][-.-.-.-.-.TransactionalUserService] - User username already exist!
2011-06-05 17:43:45,313 [DEBUG][main            ][-.-.-.-.-.TransactionalTopicService] - User confirm post removing postId = 333
2011-06-05 17:43:45,338 [INFO ][main            ][-.-.-.-.-.TransactionalUserService] - User username not found.
2011-06-05 17:43:45,340 [INFO ][main            ][-.-.-.-.-.TransactionalUserService] - User registered: username
2011-06-05 17:43:45,344 [WARN ][main            ][-.-.-.-.-.TransactionalUserService] - User username already exist!
2011-06-05 17:43:45,346 [WARN ][main            ][-.-.-.-.-.TransactionalUserService] - User username already exist!
2011-06-05 17:43:45,348 [WARN ][main            ][-.-.-.-.-.TransactionalUserService] - User username already exist!
2011-06-05 17:55:44,285 [DEBUG][main            ][-.-.-.-.-.TransactionalTopicService] - User confirm post removing postId = 333
2011-06-05 17:55:44,308 [INFO ][main            ][-.-.-.-.-.TransactionalUserService] - User username not found.
2011-06-05 17:55:44,311 [INFO ][main            ][-.-.-.-.-.TransactionalUserService] - User registered: username
2011-06-05 17:55:44,315 [WARN ][main            ][-.-.-.-.-.TransactionalUserService] - User username already exist!
2011-06-05 17:55:44,317 [WARN ][main            ][-.-.-.-.-.TransactionalUserService] - User username already exist!
2011-06-05 17:55:44,319 [WARN ][main            ][-.-.-.-.-.TransactionalUserService] - User username already exist!
2011-06-05 18:03:43,753 [DEBUG][main            ][-.-.-.-.-.TransactionalTopicService] - User confirm post removing postId = 333
2011-06-05 18:03:43,776 [INFO ][main            ][-.-.-.-.-.TransactionalUserService] - User username not found.
2011-06-05 18:03:43,778 [INFO ][main            ][-.-.-.-.-.TransactionalUserService] - User registered: username
2011-06-05 18:03:43,782 [WARN ][main            ][-.-.-.-.-.TransactionalUserService] - User username already exist!
2011-06-05 18:03:43,783 [WARN ][main            ][-.-.-.-.-.TransactionalUserService] - User username already exist!
2011-06-05 18:03:43,785 [WARN ][main            ][-.-.-.-.-.TransactionalUserService] - User username already exist!
2011-06-05 18:09:18,638 [DEBUG][main            ][-.-.-.-.-.TransactionalTopicService] - User confirm post removing postId = 333
2011-06-05 18:09:18,692 [INFO ][main            ][-.-.-.-.-.TransactionalUserService] - User username not found.
2011-06-05 18:09:18,694 [INFO ][main            ][-.-.-.-.-.TransactionalUserService] - User registered: username
2011-06-05 18:09:18,699 [WARN ][main            ][-.-.-.-.-.TransactionalUserService] - User username already exist!
2011-06-05 18:09:18,701 [WARN ][main            ][-.-.-.-.-.TransactionalUserService] - User username already exist!
2011-06-05 18:09:18,703 [WARN ][main            ][-.-.-.-.-.TransactionalUserService] - User username already exist!
2011-06-05 18:22:42,740 [DEBUG][main            ][-.-.-.-.-.TransactionalTopicService] - User confirm post removing postId = 333
2011-06-05 18:22:42,763 [INFO ][main            ][-.-.-.-.-.TransactionalUserService] - User username not found.
2011-06-05 18:22:42,766 [INFO ][main            ][-.-.-.-.-.TransactionalUserService] - User registered: username
2011-06-05 18:22:42,770 [WARN ][main            ][-.-.-.-.-.TransactionalUserService] - User username already exist!
2011-06-05 18:22:42,772 [WARN ][main            ][-.-.-.-.-.TransactionalUserService] - User username already exist!
2011-06-05 18:22:42,773 [WARN ][main            ][-.-.-.-.-.TransactionalUserService] - User username already exist!
2011-06-05 18:39:11,282 [DEBUG][main            ][-.-.-.-.-.TransactionalTopicService] - User confirm post removing postId = 333
2011-06-05 18:39:11,304 [INFO ][main            ][-.-.-.-.-.TransactionalUserService] - User username not found.
2011-06-05 18:39:11,306 [INFO ][main            ][-.-.-.-.-.TransactionalUserService] - User registered: username
2011-06-05 18:39:11,310 [WARN ][main            ][-.-.-.-.-.TransactionalUserService] - User username already exist!
2011-06-05 18:39:11,311 [WARN ][main            ][-.-.-.-.-.TransactionalUserService] - User username already exist!
2011-06-05 18:39:11,313 [WARN ][main            ][-.-.-.-.-.TransactionalUserService] - User username already exist!
2011-06-05 18:42:51,154 [DEBUG][main            ][-.-.-.-.-.TransactionalTopicService] - User confirm post removing postId = 333
2011-06-05 18:42:51,179 [INFO ][main            ][-.-.-.-.-.TransactionalUserService] - User username not found.
2011-06-05 18:42:51,181 [INFO ][main            ][-.-.-.-.-.TransactionalUserService] - User registered: username
2011-06-05 18:42:51,184 [WARN ][main            ][-.-.-.-.-.TransactionalUserService] - User username already exist!
2011-06-05 18:42:51,186 [WARN ][main            ][-.-.-.-.-.TransactionalUserService] - User username already exist!
2011-06-05 18:42:51,188 [WARN ][main            ][-.-.-.-.-.TransactionalUserService] - User username already exist!
2011-06-05 18:46:05,910 [DEBUG][main            ][-.-.-.-.-.TransactionalTopicService] - User confirm post removing postId = 333
2011-06-05 18:46:05,932 [INFO ][main            ][-.-.-.-.-.TransactionalUserService] - User username not found.
2011-06-05 18:46:05,934 [INFO ][main            ][-.-.-.-.-.TransactionalUserService] - User registered: username
2011-06-05 18:46:05,938 [WARN ][main            ][-.-.-.-.-.TransactionalUserService] - User username already exist!
2011-06-05 18:46:05,940 [WARN ][main            ][-.-.-.-.-.TransactionalUserService] - User username already exist!
2011-06-05 18:46:05,942 [WARN ][main            ][-.-.-.-.-.TransactionalUserService] - User username already exist!
2011-06-05 18:52:07,596 [DEBUG][main            ][-.-.-.-.-.TransactionalTopicService] - User confirm post removing postId = 333
2011-06-05 18:52:07,622 [INFO ][main            ][-.-.-.-.-.TransactionalUserService] - User username not found.
2011-06-05 18:52:07,624 [INFO ][main            ][-.-.-.-.-.TransactionalUserService] - User registered: username
2011-06-05 18:52:07,628 [WARN ][main            ][-.-.-.-.-.TransactionalUserService] - User username already exist!
2011-06-05 18:52:07,630 [WARN ][main            ][-.-.-.-.-.TransactionalUserService] - User username already exist!
2011-06-05 18:52:07,633 [WARN ][main            ][-.-.-.-.-.TransactionalUserService] - User username already exist!
2011-06-05 19:12:09,149 [DEBUG][main            ][-.-.-.-.-.TransactionalTopicService] - User confirm post removing postId = 333
2011-06-05 19:12:09,179 [INFO ][main            ][-.-.-.-.-.TransactionalUserService] - User username not found.
2011-06-05 19:12:09,181 [INFO ][main            ][-.-.-.-.-.TransactionalUserService] - User registered: username
2011-06-05 19:12:09,185 [WARN ][main            ][-.-.-.-.-.TransactionalUserService] - User username already exist!
2011-06-05 19:12:09,189 [WARN ][main            ][-.-.-.-.-.TransactionalUserService] - User username already exist!
2011-06-05 19:12:09,191 [WARN ][main            ][-.-.-.-.-.TransactionalUserService] - User username already exist!
2011-06-05 19:13:47,325 [DEBUG][main            ][-.-.-.-.-.TransactionalTopicService] - User confirm post removing postId = 333
2011-06-05 19:13:47,347 [INFO ][main            ][-.-.-.-.-.TransactionalUserService] - User username not found.
2011-06-05 19:13:47,349 [INFO ][main            ][-.-.-.-.-.TransactionalUserService] - User registered: username
2011-06-05 19:13:47,353 [WARN ][main            ][-.-.-.-.-.TransactionalUserService] - User username already exist!
2011-06-05 19:13:47,354 [WARN ][main            ][-.-.-.-.-.TransactionalUserService] - User username already exist!
2011-06-05 19:13:47,356 [WARN ][main            ][-.-.-.-.-.TransactionalUserService] - User username already exist!
2011-06-05 19:27:14,606 [DEBUG][main            ][-.-.-.-.-.TransactionalTopicService] - User confirm post removing postId = 333
2011-06-05 19:27:14,629 [INFO ][main            ][-.-.-.-.-.TransactionalUserService] - User username not found.
2011-06-05 19:27:14,631 [INFO ][main            ][-.-.-.-.-.TransactionalUserService] - User registered: username
2011-06-05 19:27:14,635 [WARN ][main            ][-.-.-.-.-.TransactionalUserService] - User username already exist!
2011-06-05 19:27:14,637 [WARN ][main            ][-.-.-.-.-.TransactionalUserService] - User username already exist!
2011-06-05 19:27:14,639 [WARN ][main            ][-.-.-.-.-.TransactionalUserService] - User username already exist!
2011-06-05 19:28:44,334 [DEBUG][main            ][-.-.-.-.-.TransactionalTopicService] - User confirm post removing postId = 333
2011-06-05 19:28:44,357 [INFO ][main            ][-.-.-.-.-.TransactionalUserService] - User username not found.
2011-06-05 19:28:44,359 [INFO ][main            ][-.-.-.-.-.TransactionalUserService] - User registered: username
2011-06-05 19:28:44,363 [WARN ][main            ][-.-.-.-.-.TransactionalUserService] - User username already exist!
2011-06-05 19:28:44,365 [WARN ][main            ][-.-.-.-.-.TransactionalUserService] - User username already exist!
2011-06-05 19:28:44,366 [WARN ][main            ][-.-.-.-.-.TransactionalUserService] - User username already exist!
2011-06-05 19:29:21,920 [DEBUG][main            ][-.-.-.-.-.TransactionalTopicService] - User confirm post removing postId = 333
2011-06-05 19:29:21,943 [INFO ][main            ][-.-.-.-.-.TransactionalUserService] - User username not found.
2011-06-05 19:29:21,944 [INFO ][main            ][-.-.-.-.-.TransactionalUserService] - User registered: username
2011-06-05 19:29:21,948 [WARN ][main            ][-.-.-.-.-.TransactionalUserService] - User username already exist!
2011-06-05 19:29:21,950 [WARN ][main            ][-.-.-.-.-.TransactionalUserService] - User username already exist!
2011-06-05 19:29:21,951 [WARN ][main            ][-.-.-.-.-.TransactionalUserService] - User username already exist!
2011-06-05 20:05:32,585 [DEBUG][main            ][-.-.-.-.-.TransactionalTopicService] - User confirm post removing postId = 333
2011-06-05 20:05:32,608 [INFO ][main            ][-.-.-.-.-.TransactionalUserService] - User username not found.
2011-06-05 20:05:32,610 [INFO ][main            ][-.-.-.-.-.TransactionalUserService] - User registered: username
2011-06-05 20:05:32,614 [WARN ][main            ][-.-.-.-.-.TransactionalUserService] - User username already exist!
2011-06-05 20:05:32,616 [WARN ][main            ][-.-.-.-.-.TransactionalUserService] - User username already exist!
2011-06-05 20:05:32,617 [WARN ][main            ][-.-.-.-.-.TransactionalUserService] - User username already exist!
2011-06-05 20:21:05,309 [DEBUG][main            ][-.-.-.-.-.TransactionalTopicService] - User confirm post removing postId = 333
2011-06-05 20:21:05,333 [INFO ][main            ][-.-.-.-.-.TransactionalUserService] - User username not found.
2011-06-05 20:21:05,334 [INFO ][main            ][-.-.-.-.-.TransactionalUserService] - User registered: username
2011-06-05 20:21:05,338 [WARN ][main            ][-.-.-.-.-.TransactionalUserService] - User username already exist!
2011-06-05 20:21:05,340 [WARN ][main            ][-.-.-.-.-.TransactionalUserService] - User username already exist!
2011-06-05 20:21:05,341 [WARN ][main            ][-.-.-.-.-.TransactionalUserService] - User username already exist!
2011-06-05 20:22:58,232 [DEBUG][main            ][-.-.-.-.-.TransactionalTopicService] - User confirm post removing postId = 333
2011-06-05 20:22:58,254 [INFO ][main            ][-.-.-.-.-.TransactionalUserService] - User username not found.
2011-06-05 20:22:58,256 [INFO ][main            ][-.-.-.-.-.TransactionalUserService] - User registered: username
2011-06-05 20:22:58,259 [WARN ][main            ][-.-.-.-.-.TransactionalUserService] - User username already exist!
2011-06-05 20:22:58,261 [WARN ][main            ][-.-.-.-.-.TransactionalUserService] - User username already exist!
2011-06-05 20:22:58,262 [WARN ][main            ][-.-.-.-.-.TransactionalUserService] - User username already exist!
2011-06-05 20:27:03,519 [DEBUG][main            ][-.-.-.-.-.TransactionalTopicService] - User confirm post removing postId = 333
2011-06-05 20:27:03,542 [INFO ][main            ][-.-.-.-.-.TransactionalUserService] - User username not found.
2011-06-05 20:27:03,543 [INFO ][main            ][-.-.-.-.-.TransactionalUserService] - User registered: username
2011-06-05 20:27:03,547 [WARN ][main            ][-.-.-.-.-.TransactionalUserService] - User username already exist!
2011-06-05 20:27:03,549 [WARN ][main            ][-.-.-.-.-.TransactionalUserService] - User username already exist!
2011-06-05 20:27:03,551 [WARN ][main            ][-.-.-.-.-.TransactionalUserService] - User username already exist!
2011-06-05 20:35:21,182 [DEBUG][main            ][-.-.-.-.-.TransactionalTopicService] - User confirm post removing postId = 333
2011-06-05 20:35:21,205 [INFO ][main            ][-.-.-.-.-.TransactionalUserService] - User username not found.
2011-06-05 20:35:21,206 [INFO ][main            ][-.-.-.-.-.TransactionalUserService] - User registered: username
2011-06-05 20:35:21,210 [WARN ][main            ][-.-.-.-.-.TransactionalUserService] - User username already exist!
2011-06-05 20:35:21,212 [WARN ][main            ][-.-.-.-.-.TransactionalUserService] - User username already exist!
2011-06-05 20:35:21,214 [WARN ][main            ][-.-.-.-.-.TransactionalUserService] - User username already exist!
2011-06-05 20:40:35,303 [DEBUG][main            ][-.-.-.-.-.TransactionalTopicService] - User confirm post removing postId = 333
2011-06-05 20:40:35,325 [INFO ][main            ][-.-.-.-.-.TransactionalUserService] - User username not found.
2011-06-05 20:40:35,327 [INFO ][main            ][-.-.-.-.-.TransactionalUserService] - User registered: username
2011-06-05 20:40:35,330 [WARN ][main            ][-.-.-.-.-.TransactionalUserService] - User username already exist!
2011-06-05 20:40:35,332 [WARN ][main            ][-.-.-.-.-.TransactionalUserService] - User username already exist!
2011-06-05 20:40:35,334 [WARN ][main            ][-.-.-.-.-.TransactionalUserService] - User username already exist!
2011-06-05 20:55:34,029 [DEBUG][main            ][-.-.-.-.-.TransactionalTopicService] - User confirm post removing postId = 333
2011-06-05 20:55:34,052 [INFO ][main            ][-.-.-.-.-.TransactionalUserService] - User username not found.
2011-06-05 20:55:34,054 [INFO ][main            ][-.-.-.-.-.TransactionalUserService] - User registered: username
2011-06-05 20:55:34,058 [WARN ][main            ][-.-.-.-.-.TransactionalUserService] - User username already exist!
2011-06-05 20:55:34,059 [WARN ][main            ][-.-.-.-.-.TransactionalUserService] - User username already exist!
2011-06-05 20:55:34,061 [WARN ][main            ][-.-.-.-.-.TransactionalUserService] - User username already exist!
2011-06-05 23:58:06,193 [DEBUG][main            ][-.-.-.-.-.TransactionalTopicService] - User confirm post removing postId = 333
2011-06-05 23:58:06,242 [INFO ][main            ][-.-.-.-.-.TransactionalUserService] - User username not found.
2011-06-05 23:58:06,244 [INFO ][main            ][-.-.-.-.-.TransactionalUserService] - User registered: username
2011-06-05 23:58:06,248 [WARN ][main            ][-.-.-.-.-.TransactionalUserService] - User username already exist!
2011-06-05 23:58:06,251 [WARN ][main            ][-.-.-.-.-.TransactionalUserService] - User username already exist!
2011-06-05 23:58:06,252 [WARN ][main            ][-.-.-.-.-.TransactionalUserService] - User username already exist!
2011-06-07 18:51:56,329 [DEBUG][main            ][-.-.-.-.-.TransactionalTopicService] - User confirm post removing postId = 333
2011-06-07 18:51:56,383 [INFO ][main            ][-.-.-.-.-.TransactionalUserService] - User username not found.
2011-06-07 18:51:56,385 [INFO ][main            ][-.-.-.-.-.TransactionalUserService] - User registered: username
2011-06-07 18:51:56,389 [WARN ][main            ][-.-.-.-.-.TransactionalUserService] - User username already exist!
2011-06-07 18:51:56,391 [WARN ][main            ][-.-.-.-.-.TransactionalUserService] - User username already exist!
2011-06-07 18:51:56,392 [WARN ][main            ][-.-.-.-.-.TransactionalUserService] - User username already exist!
2011-06-07 18:56:40,205 [DEBUG][main            ][-.-.-.-.-.TransactionalTopicService] - User confirm post removing postId = 333
2011-06-07 18:56:40,227 [INFO ][main            ][-.-.-.-.-.TransactionalUserService] - User username not found.
2011-06-07 18:56:40,229 [INFO ][main            ][-.-.-.-.-.TransactionalUserService] - User registered: username
2011-06-07 18:56:40,233 [WARN ][main            ][-.-.-.-.-.TransactionalUserService] - User username already exist!
2011-06-07 18:56:40,236 [WARN ][main            ][-.-.-.-.-.TransactionalUserService] - User username already exist!
2011-06-07 18:56:40,239 [WARN ][main            ][-.-.-.-.-.TransactionalUserService] - User username already exist!
2011-06-07 19:16:32,648 [DEBUG][main            ][-.-.-.-.-.TransactionalTopicService] - User confirm post removing postId = 333
2011-06-07 19:16:32,670 [INFO ][main            ][-.-.-.-.-.TransactionalUserService] - User username not found.
2011-06-07 19:16:32,672 [INFO ][main            ][-.-.-.-.-.TransactionalUserService] - User registered: username
2011-06-07 19:16:32,676 [WARN ][main            ][-.-.-.-.-.TransactionalUserService] - User username already exist!
2011-06-07 19:16:32,677 [WARN ][main            ][-.-.-.-.-.TransactionalUserService] - User username already exist!
2011-06-07 19:16:32,679 [WARN ][main            ][-.-.-.-.-.TransactionalUserService] - User username already exist!
2011-06-10 23:42:17,832 [DEBUG][main            ][-.-.-.-.-.TransactionalTopicService] - User confirm post removing postId = 333
2011-06-10 23:42:17,883 [INFO ][main            ][-.-.-.-.-.TransactionalUserService] - User username not found.
2011-06-10 23:42:17,885 [INFO ][main            ][-.-.-.-.-.TransactionalUserService] - User registered: username
2011-06-10 23:42:17,888 [WARN ][main            ][-.-.-.-.-.TransactionalUserService] - User username already exist!
2011-06-10 23:42:17,890 [WARN ][main            ][-.-.-.-.-.TransactionalUserService] - User username already exist!
2011-06-10 23:42:17,892 [WARN ][main            ][-.-.-.-.-.TransactionalUserService] - User username already exist!
2011-06-13 23:10:11,872 [DEBUG][main            ][-.-.-.-.-.TransactionalTopicService] - User confirm post removing postId = 333
2011-06-13 23:10:11,922 [INFO ][main            ][-.-.-.-.-.TransactionalUserService] - User username not found.
2011-06-13 23:10:11,924 [INFO ][main            ][-.-.-.-.-.TransactionalUserService] - User registered: username
2011-06-13 23:10:11,928 [WARN ][main            ][-.-.-.-.-.TransactionalUserService] - User username already exist!
2011-06-13 23:10:11,929 [WARN ][main            ][-.-.-.-.-.TransactionalUserService] - User username already exist!
2011-06-13 23:10:11,931 [WARN ][main            ][-.-.-.-.-.TransactionalUserService] - User username already exist!
2011-07-05 13:05:37,820 [DEBUG][main            ][ -.-.-.-.-.SecurityServiceImpl] - Deleted securedObject Post with id: 1
2011-07-05 13:05:37,879 [DEBUG][main            ][ -.-.-.-.-.SecurityServiceImpl] - Deleted securedObject Post id 1 ACL permissions for recipient PrincipalSid[username]
2011-07-05 13:05:37,904 [DEBUG][main            ][ -.-.-.-.-.SecurityServiceImpl] - Added permission mask 16 for Sid GrantedAuthoritySid[ROLE_ADMIN] securedObject Post id 1
2011-07-05 13:05:37,905 [DEBUG][main            ][ -.-.-.-.-.SecurityServiceImpl] - Added permission mask 16 for Sid PrincipalSid[username] securedObject Post id 1
2011-07-05 13:05:38,123 [DEBUG][main            ][-.-.-.-.-.TransactionalTopicService] - Added answer to topic 999
2011-07-05 13:05:38,128 [DEBUG][main            ][-.-.-.-.-.TransactionalTopicService] - Created new topic 0
2011-07-05 13:05:38,129 [DEBUG][main            ][-.-.-.-.-.TransactionalTopicService] - Permissions granted on topic: 0
2011-07-05 13:05:38,130 [DEBUG][main            ][-.-.-.-.-.TransactionalTopicService] - Permissions granted on post: 0
2011-07-05 13:05:38,140 [DEBUG][main            ][-.-.-.-.-.TransactionalTopicService] - Deleted post with id: 333
2011-07-05 13:05:38,158 [INFO ][main            ][-.-.-.-.-.TransactionalUserService] - User username not found.
2011-07-05 13:05:38,159 [INFO ][main            ][-.-.-.-.-.TransactionalUserService] - User registered: username
2011-07-05 13:05:38,163 [WARN ][main            ][-.-.-.-.-.TransactionalUserService] - User username already exist!
2011-07-05 13:05:38,164 [WARN ][main            ][-.-.-.-.-.TransactionalUserService] - User username already exist!
2011-07-05 13:05:38,166 [WARN ][main            ][-.-.-.-.-.TransactionalUserService] - User username already exist!
2011-07-05 13:47:37,150 [DEBUG][main            ][ -.-.-.-.-.SecurityServiceImpl] - Deleted securedObject Post with id: 1
2011-07-05 13:47:37,194 [DEBUG][main            ][ -.-.-.-.-.SecurityServiceImpl] - Deleted securedObject Post id 1 ACL permissions for recipient PrincipalSid[username]
2011-07-05 13:47:37,223 [DEBUG][main            ][ -.-.-.-.-.SecurityServiceImpl] - Added permission mask 16 for Sid GrantedAuthoritySid[ROLE_ADMIN] securedObject Post id 1
2011-07-05 13:47:37,224 [DEBUG][main            ][ -.-.-.-.-.SecurityServiceImpl] - Added permission mask 16 for Sid PrincipalSid[username] securedObject Post id 1
2011-07-05 13:47:37,414 [DEBUG][main            ][-.-.-.-.-.TransactionalTopicService] - Added answer to topic 999
2011-07-05 13:47:37,420 [DEBUG][main            ][-.-.-.-.-.TransactionalTopicService] - Created new topic 0
2011-07-05 13:47:37,420 [DEBUG][main            ][-.-.-.-.-.TransactionalTopicService] - Permissions granted on topic: 0
2011-07-05 13:47:37,420 [DEBUG][main            ][-.-.-.-.-.TransactionalTopicService] - Permissions granted on post: 0
2011-07-05 13:47:37,427 [DEBUG][main            ][-.-.-.-.-.TransactionalTopicService] - Deleted post with id: 333
2011-07-05 13:47:37,447 [INFO ][main            ][-.-.-.-.-.TransactionalUserService] - User username not found.
2011-07-05 13:47:37,449 [INFO ][main            ][-.-.-.-.-.TransactionalUserService] - User registered: username
2011-07-05 13:47:37,452 [WARN ][main            ][-.-.-.-.-.TransactionalUserService] - User username already exist!
2011-07-05 13:47:37,453 [WARN ][main            ][-.-.-.-.-.TransactionalUserService] - User username already exist!
2011-07-05 13:47:37,455 [WARN ][main            ][-.-.-.-.-.TransactionalUserService] - User username already exist!
2011-07-05 13:58:43,267 [DEBUG][main            ][ -.-.-.-.-.SecurityServiceImpl] - Deleted securedObject Post with id: 1
2011-07-05 13:58:43,310 [DEBUG][main            ][ -.-.-.-.-.SecurityServiceImpl] - Deleted securedObject Post id 1 ACL permissions for recipient PrincipalSid[username]
2011-07-05 13:58:43,337 [DEBUG][main            ][ -.-.-.-.-.SecurityServiceImpl] - Added permission mask 16 for Sid GrantedAuthoritySid[ROLE_ADMIN] securedObject Post id 1
2011-07-05 13:58:43,338 [DEBUG][main            ][ -.-.-.-.-.SecurityServiceImpl] - Added permission mask 16 for Sid PrincipalSid[username] securedObject Post id 1
2011-07-05 13:58:43,509 [DEBUG][main            ][-.-.-.-.-.TransactionalTopicService] - Added answer to topic 999
2011-07-05 13:58:43,515 [DEBUG][main            ][-.-.-.-.-.TransactionalTopicService] - Created new topic 0
2011-07-05 13:58:43,515 [DEBUG][main            ][-.-.-.-.-.TransactionalTopicService] - Permissions granted on topic: 0
2011-07-05 13:58:43,516 [DEBUG][main            ][-.-.-.-.-.TransactionalTopicService] - Permissions granted on post: 0
2011-07-05 13:58:43,522 [DEBUG][main            ][-.-.-.-.-.TransactionalTopicService] - Deleted post with id: 333
2011-07-05 13:58:43,542 [INFO ][main            ][-.-.-.-.-.TransactionalUserService] - User username not found.
2011-07-05 13:58:43,544 [INFO ][main            ][-.-.-.-.-.TransactionalUserService] - User registered: username
2011-07-05 13:58:43,547 [WARN ][main            ][-.-.-.-.-.TransactionalUserService] - User username already exist!
2011-07-05 13:58:43,548 [WARN ][main            ][-.-.-.-.-.TransactionalUserService] - User username already exist!
2011-07-05 13:58:43,550 [WARN ][main            ][-.-.-.-.-.TransactionalUserService] - User username already exist!
